<?xml version="1.0" encoding="UTF-8"?>
<!-- Generated by org.testng.reporters.JUnitReportReporter -->
<testsuite hostname="Tylers-MacBook-Pro.local" failures="0" tests="1" name="LDSToolsAppiumTest.WhatsNewScreenTest" time="66.091" errors="0" timestamp="2020-04-02T11:22:29 MDT" skipped="0">
  <testcase classname="LDSToolsAppiumTest.WhatsNewScreenTest" name="whatsNewSimple" time="66.091"/>
  <system-out/>
</testsuite> <!-- LDSToolsAppiumTest.WhatsNewScreenTest -->
